  glad.c
  Proyecto.cpp
D:\Documentos\Computación gráfica\Laboratorio\Laboratorio\include\shader_m.h(44,40): warning C4101: 'e': variable local sin referencia
D:\Documentos\Computación gráfica\Laboratorio\Laboratorio\include\modelAnim.h(104,44): warning C4244: '=': conversión de 'double' a 'float'; posible pérdida de datos
D:\Documentos\Computación gráfica\Laboratorio\Laboratorio\include\modelAnim.h(520,24): warning C4244: 'inicializando': conversión de 'double' a 'float'; posible pérdida de datos
D:\Documentos\Computación gráfica\Laboratorio\Laboratorio\Proyecto.cpp(88,22): warning C4305: 'inicializando': truncamiento de 'double' a 'float'
D:\Documentos\Computación gráfica\Laboratorio\Laboratorio\Proyecto.cpp(493,25): warning C4244: '=': conversión de 'double' a 'float'; posible pérdida de datos
D:\Documentos\Computación gráfica\Laboratorio\Laboratorio\Proyecto.cpp(502,17): warning C4244: '=': conversión de 'double' a 'float'; posible pérdida de datos
D:\Documentos\Computación gráfica\Laboratorio\Laboratorio\Proyecto.cpp(503,17): warning C4244: '=': conversión de 'double' a 'float'; posible pérdida de datos
D:\Documentos\Computación gráfica\Laboratorio\Laboratorio\Proyecto.cpp(504,17): warning C4244: '=': conversión de 'double' a 'float'; posible pérdida de datos
D:\Documentos\Computación gráfica\Laboratorio\Laboratorio\Proyecto.cpp(505,24): warning C4244: '=': conversión de 'double' a 'float'; posible pérdida de datos
D:\Documentos\Computación gráfica\Laboratorio\Laboratorio\Proyecto.cpp(506,24): warning C4244: '=': conversión de 'double' a 'float'; posible pérdida de datos
D:\Documentos\Computación gráfica\Laboratorio\Laboratorio\Proyecto.cpp(507,33): warning C4244: '=': conversión de 'double' a 'float'; posible pérdida de datos
D:\Documentos\Computación gráfica\Laboratorio\Laboratorio\Proyecto.cpp(508,23): warning C4244: '=': conversión de 'double' a 'float'; posible pérdida de datos
D:\Documentos\Computación gráfica\Laboratorio\Laboratorio\Proyecto.cpp(539,32): warning C4244: '=': conversión de 'double' a 'float'; posible pérdida de datos
D:\Documentos\Computación gráfica\Laboratorio\Laboratorio\Proyecto.cpp(568,33): warning C4244: '=': conversión de 'double' a 'float'; posible pérdida de datos
D:\Documentos\Computación gráfica\Laboratorio\Laboratorio\Proyecto.cpp(1148,15): warning C4305: '-=': truncamiento de 'double' a 'float'
D:\Documentos\Computación gráfica\Laboratorio\Laboratorio\Proyecto.cpp(1150,15): warning C4305: '+=': truncamiento de 'double' a 'float'
D:\Documentos\Computación gráfica\Laboratorio\Laboratorio\Proyecto.cpp(1156,15): warning C4305: '-=': truncamiento de 'double' a 'float'
D:\Documentos\Computación gráfica\Laboratorio\Laboratorio\Proyecto.cpp(1158,15): warning C4305: '+=': truncamiento de 'double' a 'float'
D:\Documentos\Computación gráfica\Laboratorio\Laboratorio\Proyecto.cpp(1164,15): warning C4305: '-=': truncamiento de 'double' a 'float'
D:\Documentos\Computación gráfica\Laboratorio\Laboratorio\Proyecto.cpp(1166,15): warning C4305: '+=': truncamiento de 'double' a 'float'
D:\Documentos\Computación gráfica\Laboratorio\Laboratorio\Proyecto.cpp(1180,13): warning C4305: '-=': truncamiento de 'double' a 'float'
D:\Documentos\Computación gráfica\Laboratorio\Laboratorio\Proyecto.cpp(1182,13): warning C4305: '+=': truncamiento de 'double' a 'float'
D:\Documentos\Computación gráfica\Laboratorio\Laboratorio\Proyecto.cpp(1188,14): warning C4305: '+=': truncamiento de 'double' a 'float'
D:\Documentos\Computación gráfica\Laboratorio\Laboratorio\Proyecto.cpp(1190,14): warning C4305: '+=': truncamiento de 'double' a 'float'
D:\Documentos\Computación gráfica\Laboratorio\Laboratorio\Proyecto.cpp(1196,14): warning C4305: '-=': truncamiento de 'double' a 'float'
D:\Documentos\Computación gráfica\Laboratorio\Laboratorio\Proyecto.cpp(1198,14): warning C4305: '+=': truncamiento de 'double' a 'float'
D:\Documentos\Computación gráfica\Laboratorio\Laboratorio\Proyecto.cpp(1204,14): warning C4305: '-=': truncamiento de 'double' a 'float'
D:\Documentos\Computación gráfica\Laboratorio\Laboratorio\Proyecto.cpp(1206,14): warning C4305: '+=': truncamiento de 'double' a 'float'
D:\Documentos\Computación gráfica\Laboratorio\Laboratorio\Proyecto.cpp(1221,14): warning C4305: '-=': truncamiento de 'double' a 'float'
D:\Documentos\Computación gráfica\Laboratorio\Laboratorio\Proyecto.cpp(1223,14): warning C4305: '+=': truncamiento de 'double' a 'float'
D:\Documentos\Computación gráfica\Laboratorio\Laboratorio\Proyecto.cpp(1230,14): warning C4305: '-=': truncamiento de 'double' a 'float'
D:\Documentos\Computación gráfica\Laboratorio\Laboratorio\Proyecto.cpp(1232,14): warning C4305: '+=': truncamiento de 'double' a 'float'
D:\Documentos\Computación gráfica\Laboratorio\Laboratorio\Proyecto.cpp(1238,14): warning C4305: '-=': truncamiento de 'double' a 'float'
D:\Documentos\Computación gráfica\Laboratorio\Laboratorio\Proyecto.cpp(1240,14): warning C4305: '+=': truncamiento de 'double' a 'float'
D:\Documentos\Computación gráfica\Laboratorio\Laboratorio\Proyecto.cpp(1268,11): warning C4244: '=': conversión de 'double' a 'float'; posible pérdida de datos
D:\Documentos\Computación gráfica\Laboratorio\Laboratorio\Proyecto.cpp(1269,11): warning C4244: '=': conversión de 'double' a 'float'; posible pérdida de datos
D:\Documentos\Computación gráfica\Laboratorio\Laboratorio\Proyecto.cpp(1273,16): warning C4244: 'inicializando': conversión de 'double' a 'float'; posible pérdida de datos
D:\Documentos\Computación gráfica\Laboratorio\Laboratorio\Proyecto.cpp(1274,16): warning C4244: 'inicializando': conversión de 'double' a 'float'; posible pérdida de datos
D:\Documentos\Computación gráfica\Laboratorio\Laboratorio\Proyecto.cpp(1276,10): warning C4244: '=': conversión de 'double' a 'float'; posible pérdida de datos
D:\Documentos\Computación gráfica\Laboratorio\Laboratorio\Proyecto.cpp(1277,10): warning C4244: '=': conversión de 'double' a 'float'; posible pérdida de datos
D:\Documentos\Computación gráfica\Laboratorio\Laboratorio\Proyecto.cpp(1285,28): warning C4244: 'argumento': conversión de 'double' a 'float'; posible pérdida de datos
LINK : warning LNK4075: se omite '/INCREMENTAL' debido a la especificación '/LTCG'
LINK : warning LNK4098: la biblioteca predeterminada'MSVCRTD' entra en conflicto con otras bibliotecas; use la biblioteca /NODEFAULTLIB:biblioteca
  Generando código
  Previous IPDB not found, fall back to full compilation.
  All 947 functions were compiled because no usable IPDB/IOBJ from previous compilation was found.
  Generación de código finalizada
glfw3.lib(context.obj) : warning LNK4099: no se encontró PDB 'glfw.pdb' con 'glfw3.lib(context.obj)' o en 'D:\Documentos\Computación gráfica\Laboratorio\Release\glfw.pdb'; se vinculará el objeto sin tener en cuenta información de depuración
glfw3.lib(init.obj) : warning LNK4099: no se encontró PDB 'glfw.pdb' con 'glfw3.lib(init.obj)' o en 'D:\Documentos\Computación gráfica\Laboratorio\Release\glfw.pdb'; se vinculará el objeto sin tener en cuenta información de depuración
glfw3.lib(input.obj) : warning LNK4099: no se encontró PDB 'glfw.pdb' con 'glfw3.lib(input.obj)' o en 'D:\Documentos\Computación gráfica\Laboratorio\Release\glfw.pdb'; se vinculará el objeto sin tener en cuenta información de depuración
glfw3.lib(monitor.obj) : warning LNK4099: no se encontró PDB 'glfw.pdb' con 'glfw3.lib(monitor.obj)' o en 'D:\Documentos\Computación gráfica\Laboratorio\Release\glfw.pdb'; se vinculará el objeto sin tener en cuenta información de depuración
glfw3.lib(vulkan.obj) : warning LNK4099: no se encontró PDB 'glfw.pdb' con 'glfw3.lib(vulkan.obj)' o en 'D:\Documentos\Computación gráfica\Laboratorio\Release\glfw.pdb'; se vinculará el objeto sin tener en cuenta información de depuración
glfw3.lib(window.obj) : warning LNK4099: no se encontró PDB 'glfw.pdb' con 'glfw3.lib(window.obj)' o en 'D:\Documentos\Computación gráfica\Laboratorio\Release\glfw.pdb'; se vinculará el objeto sin tener en cuenta información de depuración
glfw3.lib(win32_init.obj) : warning LNK4099: no se encontró PDB 'glfw.pdb' con 'glfw3.lib(win32_init.obj)' o en 'D:\Documentos\Computación gráfica\Laboratorio\Release\glfw.pdb'; se vinculará el objeto sin tener en cuenta información de depuración
glfw3.lib(win32_joystick.obj) : warning LNK4099: no se encontró PDB 'glfw.pdb' con 'glfw3.lib(win32_joystick.obj)' o en 'D:\Documentos\Computación gráfica\Laboratorio\Release\glfw.pdb'; se vinculará el objeto sin tener en cuenta información de depuración
glfw3.lib(win32_monitor.obj) : warning LNK4099: no se encontró PDB 'glfw.pdb' con 'glfw3.lib(win32_monitor.obj)' o en 'D:\Documentos\Computación gráfica\Laboratorio\Release\glfw.pdb'; se vinculará el objeto sin tener en cuenta información de depuración
glfw3.lib(win32_time.obj) : warning LNK4099: no se encontró PDB 'glfw.pdb' con 'glfw3.lib(win32_time.obj)' o en 'D:\Documentos\Computación gráfica\Laboratorio\Release\glfw.pdb'; se vinculará el objeto sin tener en cuenta información de depuración
glfw3.lib(win32_thread.obj) : warning LNK4099: no se encontró PDB 'glfw.pdb' con 'glfw3.lib(win32_thread.obj)' o en 'D:\Documentos\Computación gráfica\Laboratorio\Release\glfw.pdb'; se vinculará el objeto sin tener en cuenta información de depuración
glfw3.lib(win32_window.obj) : warning LNK4099: no se encontró PDB 'glfw.pdb' con 'glfw3.lib(win32_window.obj)' o en 'D:\Documentos\Computación gráfica\Laboratorio\Release\glfw.pdb'; se vinculará el objeto sin tener en cuenta información de depuración
glfw3.lib(wgl_context.obj) : warning LNK4099: no se encontró PDB 'glfw.pdb' con 'glfw3.lib(wgl_context.obj)' o en 'D:\Documentos\Computación gráfica\Laboratorio\Release\glfw.pdb'; se vinculará el objeto sin tener en cuenta información de depuración
glfw3.lib(egl_context.obj) : warning LNK4099: no se encontró PDB 'glfw.pdb' con 'glfw3.lib(egl_context.obj)' o en 'D:\Documentos\Computación gráfica\Laboratorio\Release\glfw.pdb'; se vinculará el objeto sin tener en cuenta información de depuración
glfw3.lib(osmesa_context.obj) : warning LNK4099: no se encontró PDB 'glfw.pdb' con 'glfw3.lib(osmesa_context.obj)' o en 'D:\Documentos\Computación gráfica\Laboratorio\Release\glfw.pdb'; se vinculará el objeto sin tener en cuenta información de depuración
  Laboratorio.vcxproj -> D:\Documentos\Computación gráfica\Laboratorio\Release\Laboratorio.exe
